2026-07-12 00:30:09,361 - __main__ - INFO - Bot starting...
2026-07-12 00:30:10,779 - __main__ - INFO - Bot: @liraspy_bot
2026-07-12 00:30:10,780 - __main__ - WARNING - TDLib not found at tdlib_json
2026-07-12 00:30:12,106 - __main__ - INFO - Listening...
2026-07-12 00:30:17,616 - httpx - INFO - HTTP Request: GET https://mwthoitvsuzdvsgiyysw.supabase.co/rest/v1/users?select=%2A&telegram_id=eq.1658547011 "HTTP/1.1 200 OK"
2026-07-12 00:30:17,881 - httpx - INFO - HTTP Request: POST https://mwthoitvsuzdvsgiyysw.supabase.co/rest/v1/messages "HTTP/1.1 201 Created"
2026-07-12 00:30:34,990 - __main__ - ERROR - Error: string indices must be integers, not 'str'
2026-07-12 00:30:49,048 - httpx - INFO - HTTP Request: GET https://mwthoitvsuzdvsgiyysw.supabase.co/rest/v1/users?select=%2A&telegram_id=eq.1658547011 "HTTP/1.1 200 OK"
2026-07-12 00:30:49,296 - httpx - INFO - HTTP Request: POST https://mwthoitvsuzdvsgiyysw.supabase.co/rest/v1/messages "HTTP/1.1 201 Created"
2026-07-12 00:31:21,237 - httpx - INFO - HTTP Request: POST https://mwthoitvsuzdvsgiyysw.supabase.co/rest/v1/messages "HTTP/1.1 201 Created"
2026-07-12 00:31:38,630 - database.supabase_client - ERROR - Error saving raw message: _ssl.c:989: The handshake operation timed out
2026-07-12 00:31:50,867 - httpx - INFO - HTTP Request: POST https://mwthoitvsuzdvsgiyysw.supabase.co/rest/v1/messages "HTTP/1.1 201 Created"
2026-07-12 00:31:57,316 - httpx - INFO - HTTP Request: GET https://mwthoitvsuzdvsgiyysw.supabase.co/rest/v1/users?select=%2A&telegram_id=eq.1658547011 "HTTP/1.1 200 OK"
2026-07-12 00:31:57,581 - httpx - INFO - HTTP Request: POST https://mwthoitvsuzdvsgiyysw.supabase.co/rest/v1/messages "HTTP/1.1 201 Created"
2026-07-12 00:32:30,916 - httpx - INFO - HTTP Request: POST https://mwthoitvsuzdvsgiyysw.supabase.co/rest/v1/messages "HTTP/1.1 201 Created"
2026-07-12 00:33:54,566 - httpx - INFO - HTTP Request: POST https://mwthoitvsuzdvsgiyysw.supabase.co/rest/v1/messages "HTTP/1.1 201 Created"
2026-07-12 00:33:56,181 - httpx - INFO - HTTP Request: GET https://mwthoitvsuzdvsgiyysw.supabase.co/rest/v1/users?select=%2A&telegram_id=eq.8506001786 "HTTP/1.1 200 OK"
2026-07-12 00:33:56,606 - httpx - INFO - HTTP Request: POST https://mwthoitvsuzdvsgiyysw.supabase.co/rest/v1/messages "HTTP/1.1 201 Created"
2026-07-12 00:34:06,382 - httpx - INFO - HTTP Request: POST https://mwthoitvsuzdvsgiyysw.supabase.co/rest/v1/messages "HTTP/1.1 201 Created"
2026-07-12 00:34:26,212 - httpx - INFO - HTTP Request: POST https://mwthoitvsuzdvsgiyysw.supabase.co/rest/v1/messages "HTTP/1.1 201 Created"
2026-07-12 00:34:51,169 - httpx - INFO - HTTP Request: POST https://mwthoitvsuzdvsgiyysw.supabase.co/rest/v1/messages "HTTP/1.1 201 Created"
2026-07-12 00:35:48,224 - httpx - INFO - HTTP Request: POST https://mwthoitvsuzdvsgiyysw.supabase.co/rest/v1/messages "HTTP/1.1 201 Created"
2026-07-12 00:36:10,770 - httpx - INFO - HTTP Request: POST https://mwthoitvsuzdvsgiyysw.supabase.co/rest/v1/messages "HTTP/1.1 201 Created"
2026-07-12 00:36:14,154 - httpx - INFO - HTTP Request: POST https://mwthoitvsuzdvsgiyysw.supabase.co/rest/v1/messages "HTTP/1.1 201 Created"
2026-07-12 00:36:16,076 - httpx - INFO - HTTP Request: POST https://mwthoitvsuzdvsgiyysw.supabase.co/rest/v1/messages "HTTP/1.1 201 Created"
2026-07-12 00:36:28,753 - httpx - INFO - HTTP Request: POST https://mwthoitvsuzdvsgiyysw.supabase.co/rest/v1/messages "HTTP/1.1 201 Created"
2026-07-12 00:36:42,195 - httpx - INFO - HTTP Request: POST https://mwthoitvsuzdvsgiyysw.supabase.co/rest/v1/messages "HTTP/1.1 201 Created"
2026-07-12 00:37:07,680 - httpx - INFO - HTTP Request: POST https://mwthoitvsuzdvsgiyysw.supabase.co/rest/v1/messages "HTTP/1.1 201 Created"
2026-07-12 00:42:29,294 - httpx - INFO - HTTP Request: POST https://mwthoitvsuzdvsgiyysw.supabase.co/rest/v1/messages "HTTP/1.1 201 Created"
2026-07-12 01:26:37,227 - httpx - INFO - HTTP Request: POST https://mwthoitvsuzdvsgiyysw.supabase.co/rest/v1/messages "HTTP/1.1 201 Created"
2026-07-12 01:31:15,030 - httpx - INFO - HTTP Request: POST https://mwthoitvsuzdvsgiyysw.supabase.co/rest/v1/messages "HTTP/1.1 201 Created"
2026-07-12 01:31:38,824 - httpx - INFO - HTTP Request: POST https://mwthoitvsuzdvsgiyysw.supabase.co/rest/v1/messages "HTTP/1.1 201 Created"
2026-07-12 01:32:01,299 - httpx - INFO - HTTP Request: POST https://mwthoitvsuzdvsgiyysw.supabase.co/rest/v1/messages "HTTP/1.1 201 Created"
2026-07-12 01:32:06,056 - httpx - INFO - HTTP Request: POST https://mwthoitvsuzdvsgiyysw.supabase.co/rest/v1/messages "HTTP/1.1 201 Created"
2026-07-12 01:34:57,948 - httpx - INFO - HTTP Request: POST https://mwthoitvsuzdvsgiyysw.supabase.co/rest/v1/messages "HTTP/1.1 201 Created"
2026-07-12 01:35:47,273 - httpx - INFO - HTTP Request: POST https://mwthoitvsuzdvsgiyysw.supabase.co/rest/v1/messages "HTTP/1.1 201 Created"
2026-07-12 01:36:03,286 - httpx - INFO - HTTP Request: POST https://mwthoitvsuzdvsgiyysw.supabase.co/rest/v1/messages "HTTP/1.1 201 Created"
2026-07-12 01:36:06,917 - httpx - INFO - HTTP Request: POST https://mwthoitvsuzdvsgiyysw.supabase.co/rest/v1/messages "HTTP/1.1 201 Created"
2026-07-12 01:36:38,141 - httpx - INFO - HTTP Request: POST https://mwthoitvsuzdvsgiyysw.supabase.co/rest/v1/messages "HTTP/1.1 201 Created"
2026-07-12 01:36:49,442 - httpx - INFO - HTTP Request: POST https://mwthoitvsuzdvsgiyysw.supabase.co/rest/v1/messages "HTTP/1.1 201 Created"
2026-07-12 01:36:58,122 - httpx - INFO - HTTP Request: POST https://mwthoitvsuzdvsgiyysw.supabase.co/rest/v1/messages "HTTP/1.1 201 Created"
2026-07-12 01:37:25,477 - httpx - INFO - HTTP Request: POST https://mwthoitvsuzdvsgiyysw.supabase.co/rest/v1/messages "HTTP/1.1 201 Created"
2026-07-12 01:37:34,531 - httpx - INFO - HTTP Request: POST https://mwthoitvsuzdvsgiyysw.supabase.co/rest/v1/messages "HTTP/1.1 201 Created"
2026-07-12 01:37:36,171 - httpx - INFO - HTTP Request: POST https://mwthoitvsuzdvsgiyysw.supabase.co/rest/v1/messages "HTTP/1.1 201 Created"
2026-07-12 01:40:41,803 - httpx - INFO - HTTP Request: POST https://mwthoitvsuzdvsgiyysw.supabase.co/rest/v1/messages "HTTP/1.1 201 Created"
2026-07-12 01:40:53,107 - httpx - INFO - HTTP Request: POST https://mwthoitvsuzdvsgiyysw.supabase.co/rest/v1/messages "HTTP/1.1 201 Created"
2026-07-12 01:41:04,884 - httpx - INFO - HTTP Request: POST https://mwthoitvsuzdvsgiyysw.supabase.co/rest/v1/messages "HTTP/1.1 201 Created"
2026-07-12 01:41:24,155 - httpx - INFO - HTTP Request: POST https://mwthoitvsuzdvsgiyysw.supabase.co/rest/v1/messages "HTTP/1.1 201 Created"
2026-07-12 01:43:35,258 - httpx - INFO - HTTP Request: POST https://mwthoitvsuzdvsgiyysw.supabase.co/rest/v1/messages "HTTP/1.1 201 Created"
2026-07-12 01:44:05,029 - httpx - INFO - HTTP Request: POST https://mwthoitvsuzdvsgiyysw.supabase.co/rest/v1/messages "HTTP/1.1 201 Created"
2026-07-12 01:44:28,706 - httpx - INFO - HTTP Request: POST https://mwthoitvsuzdvsgiyysw.supabase.co/rest/v1/messages "HTTP/1.1 201 Created"
2026-07-12 01:48:00,323 - httpx - INFO - HTTP Request: POST https://mwthoitvsuzdvsgiyysw.supabase.co/rest/v1/messages "HTTP/1.1 201 Created"
2026-07-12 01:48:27,621 - httpx - INFO - HTTP Request: POST https://mwthoitvsuzdvsgiyysw.supabase.co/rest/v1/messages "HTTP/1.1 201 Created"
2026-07-12 01:50:20,635 - httpx - INFO - HTTP Request: POST https://mwthoitvsuzdvsgiyysw.supabase.co/rest/v1/messages "HTTP/1.1 201 Created"
2026-07-12 01:52:54,521 - httpx - INFO - HTTP Request: POST https://mwthoitvsuzdvsgiyysw.supabase.co/rest/v1/messages "HTTP/1.1 201 Created"
2026-07-12 01:54:25,347 - httpx - INFO - HTTP Request: POST https://mwthoitvsuzdvsgiyysw.supabase.co/rest/v1/messages "HTTP/1.1 201 Created"
2026-07-12 01:59:15,916 - httpx - INFO - HTTP Request: POST https://mwthoitvsuzdvsgiyysw.supabase.co/rest/v1/messages "HTTP/1.1 201 Created"
2026-07-12 01:59:31,327 - httpx - INFO - HTTP Request: POST https://mwthoitvsuzdvsgiyysw.supabase.co/rest/v1/messages "HTTP/1.1 201 Created"
2026-07-12 01:59:40,836 - httpx - INFO - HTTP Request: POST https://mwthoitvsuzdvsgiyysw.supabase.co/rest/v1/messages "HTTP/1.1 201 Created"
2026-07-12 02:00:34,108 - httpx - INFO - HTTP Request: POST https://mwthoitvsuzdvsgiyysw.supabase.co/rest/v1/messages "HTTP/1.1 201 Created"
2026-07-12 02:01:22,962 - httpx - INFO - HTTP Request: POST https://mwthoitvsuzdvsgiyysw.supabase.co/rest/v1/messages "HTTP/1.1 201 Created"
2026-07-12 02:01:25,598 - httpx - INFO - HTTP Request: POST https://mwthoitvsuzdvsgiyysw.supabase.co/rest/v1/messages "HTTP/1.1 201 Created"
2026-07-12 02:01:36,522 - httpx - INFO - HTTP Request: POST https://mwthoitvsuzdvsgiyysw.supabase.co/rest/v1/messages "HTTP/1.1 201 Created"
2026-07-12 02:01:57,668 - httpx - INFO - HTTP Request: POST https://mwthoitvsuzdvsgiyysw.supabase.co/rest/v1/messages "HTTP/1.1 201 Created"
2026-07-12 02:02:42,842 - httpx - INFO - HTTP Request: POST https://mwthoitvsuzdvsgiyysw.supabase.co/rest/v1/messages "HTTP/1.1 201 Created"
2026-07-12 02:02:50,758 - httpx - INFO - HTTP Request: POST https://mwthoitvsuzdvsgiyysw.supabase.co/rest/v1/messages "HTTP/1.1 201 Created"
2026-07-12 02:03:03,634 - httpx - INFO - HTTP Request: POST https://mwthoitvsuzdvsgiyysw.supabase.co/rest/v1/messages "HTTP/1.1 201 Created"
2026-07-12 02:03:27,472 - httpx - INFO - HTTP Request: POST https://mwthoitvsuzdvsgiyysw.supabase.co/rest/v1/messages "HTTP/1.1 201 Created"
2026-07-12 02:05:38,573 - httpx - INFO - HTTP Request: POST https://mwthoitvsuzdvsgiyysw.supabase.co/rest/v1/messages "HTTP/1.1 201 Created"
2026-07-12 02:06:00,506 - httpx - INFO - HTTP Request: POST https://mwthoitvsuzdvsgiyysw.supabase.co/rest/v1/messages "HTTP/1.1 201 Created"
2026-07-12 02:06:02,296 - httpx - INFO - HTTP Request: POST https://mwthoitvsuzdvsgiyysw.supabase.co/rest/v1/messages "HTTP/1.1 201 Created"
2026-07-12 02:06:02,548 - httpx - INFO - HTTP Request: POST https://mwthoitvsuzdvsgiyysw.supabase.co/rest/v1/messages "HTTP/1.1 201 Created"
2026-07-12 02:06:02,793 - httpx - INFO - HTTP Request: POST https://mwthoitvsuzdvsgiyysw.supabase.co/rest/v1/messages "HTTP/1.1 201 Created"
2026-07-12 02:06:14,708 - httpx - INFO - HTTP Request: POST https://mwthoitvsuzdvsgiyysw.supabase.co/rest/v1/messages "HTTP/1.1 201 Created"
2026-07-12 02:06:16,562 - httpx - INFO - HTTP Request: POST https://mwthoitvsuzdvsgiyysw.supabase.co/rest/v1/messages "HTTP/1.1 201 Created"
2026-07-12 02:07:39,462 - httpx - INFO - HTTP Request: POST https://mwthoitvsuzdvsgiyysw.supabase.co/rest/v1/messages "HTTP/1.1 201 Created"
2026-07-12 02:07:54,261 - httpx - INFO - HTTP Request: POST https://mwthoitvsuzdvsgiyysw.supabase.co/rest/v1/messages "HTTP/1.1 201 Created"
2026-07-12 02:08:07,765 - httpx - INFO - HTTP Request: POST https://mwthoitvsuzdvsgiyysw.supabase.co/rest/v1/messages "HTTP/1.1 201 Created"
2026-07-12 02:08:11,926 - httpx - INFO - HTTP Request: POST https://mwthoitvsuzdvsgiyysw.supabase.co/rest/v1/messages "HTTP/1.1 201 Created"
2026-07-12 02:09:30,399 - httpx - INFO - HTTP Request: POST https://mwthoitvsuzdvsgiyysw.supabase.co/rest/v1/messages "HTTP/1.1 201 Created"
2026-07-12 02:09:56,545 - httpx - INFO - HTTP Request: POST https://mwthoitvsuzdvsgiyysw.supabase.co/rest/v1/messages "HTTP/1.1 201 Created"
2026-07-12 02:10:16,843 - httpx - INFO - HTTP Request: POST https://mwthoitvsuzdvsgiyysw.supabase.co/rest/v1/messages "HTTP/1.1 201 Created"
2026-07-12 02:10:29,875 - httpx - INFO - HTTP Request: POST https://mwthoitvsuzdvsgiyysw.supabase.co/rest/v1/messages "HTTP/1.1 201 Created"
2026-07-12 02:10:39,093 - httpx - INFO - HTTP Request: POST https://mwthoitvsuzdvsgiyysw.supabase.co/rest/v1/messages "HTTP/1.1 201 Created"
2026-07-12 02:11:07,250 - httpx - INFO - HTTP Request: POST https://mwthoitvsuzdvsgiyysw.supabase.co/rest/v1/messages "HTTP/1.1 201 Created"
2026-07-12 02:11:11,903 - httpx - INFO - HTTP Request: POST https://mwthoitvsuzdvsgiyysw.supabase.co/rest/v1/messages "HTTP/1.1 201 Created"
2026-07-12 02:11:19,285 - httpx - INFO - HTTP Request: POST https://mwthoitvsuzdvsgiyysw.supabase.co/rest/v1/messages "HTTP/1.1 201 Created"
2026-07-12 02:11:29,088 - httpx - INFO - HTTP Request: POST https://mwthoitvsuzdvsgiyysw.supabase.co/rest/v1/messages "HTTP/1.1 201 Created"
2026-07-12 02:11:41,935 - httpx - INFO - HTTP Request: POST https://mwthoitvsuzdvsgiyysw.supabase.co/rest/v1/messages "HTTP/1.1 201 Created"
2026-07-12 02:11:59,499 - httpx - INFO - HTTP Request: POST https://mwthoitvsuzdvsgiyysw.supabase.co/rest/v1/messages "HTTP/1.1 201 Created"
2026-07-12 02:12:10,439 - httpx - INFO - HTTP Request: POST https://mwthoitvsuzdvsgiyysw.supabase.co/rest/v1/messages "HTTP/1.1 201 Created"
2026-07-12 02:12:21,002 - httpx - INFO - HTTP Request: POST https://mwthoitvsuzdvsgiyysw.supabase.co/rest/v1/messages "HTTP/1.1 201 Created"
2026-07-12 02:12:42,032 - httpx - INFO - HTTP Request: POST https://mwthoitvsuzdvsgiyysw.supabase.co/rest/v1/messages "HTTP/1.1 201 Created"
2026-07-12 02:13:15,875 - httpx - INFO - HTTP Request: POST https://mwthoitvsuzdvsgiyysw.supabase.co/rest/v1/messages "HTTP/1.1 201 Created"
2026-07-12 02:13:20,008 - httpx - INFO - HTTP Request: POST https://mwthoitvsuzdvsgiyysw.supabase.co/rest/v1/messages "HTTP/1.1 201 Created"
2026-07-12 02:13:22,860 - httpx - INFO - HTTP Request: POST https://mwthoitvsuzdvsgiyysw.supabase.co/rest/v1/messages "HTTP/1.1 201 Created"
2026-07-12 02:13:27,448 - httpx - INFO - HTTP Request: POST https://mwthoitvsuzdvsgiyysw.supabase.co/rest/v1/messages "HTTP/1.1 201 Created"
2026-07-12 02:13:30,894 - httpx - INFO - HTTP Request: POST https://mwthoitvsuzdvsgiyysw.supabase.co/rest/v1/messages "HTTP/1.1 201 Created"
2026-07-12 02:13:32,620 - httpx - INFO - HTTP Request: POST https://mwthoitvsuzdvsgiyysw.supabase.co/rest/v1/messages "HTTP/1.1 201 Created"
2026-07-12 02:13:37,406 - httpx - INFO - HTTP Request: POST https://mwthoitvsuzdvsgiyysw.supabase.co/rest/v1/messages "HTTP/1.1 201 Created"
2026-07-12 02:13:56,669 - httpx - INFO - HTTP Request: POST https://mwthoitvsuzdvsgiyysw.supabase.co/rest/v1/messages "HTTP/1.1 201 Created"
2026-07-12 02:14:04,288 - httpx - INFO - HTTP Request: POST https://mwthoitvsuzdvsgiyysw.supabase.co/rest/v1/messages "HTTP/1.1 201 Created"
2026-07-12 02:14:21,016 - httpx - INFO - HTTP Request: POST https://mwthoitvsuzdvsgiyysw.supabase.co/rest/v1/messages "HTTP/1.1 201 Created"
2026-07-12 02:14:30,787 - httpx - INFO - HTTP Request: POST https://mwthoitvsuzdvsgiyysw.supabase.co/rest/v1/messages "HTTP/1.1 201 Created"
2026-07-12 02:14:47,230 - httpx - INFO - HTTP Request: POST https://mwthoitvsuzdvsgiyysw.supabase.co/rest/v1/messages "HTTP/1.1 201 Created"
2026-07-12 02:15:00,836 - httpx - INFO - HTTP Request: POST https://mwthoitvsuzdvsgiyysw.supabase.co/rest/v1/messages "HTTP/1.1 201 Created"
2026-07-12 02:15:03,542 - httpx - INFO - HTTP Request: POST https://mwthoitvsuzdvsgiyysw.supabase.co/rest/v1/messages "HTTP/1.1 201 Created"
2026-07-12 02:15:05,424 - httpx - INFO - HTTP Request: POST https://mwthoitvsuzdvsgiyysw.supabase.co/rest/v1/messages "HTTP/1.1 201 Created"
2026-07-12 02:15:44,593 - httpx - INFO - HTTP Request: POST https://mwthoitvsuzdvsgiyysw.supabase.co/rest/v1/messages "HTTP/1.1 201 Created"
2026-07-12 02:15:46,755 - httpx - INFO - HTTP Request: POST https://mwthoitvsuzdvsgiyysw.supabase.co/rest/v1/messages "HTTP/1.1 201 Created"
2026-07-12 02:15:52,718 - httpx - INFO - HTTP Request: POST https://mwthoitvsuzdvsgiyysw.supabase.co/rest/v1/messages "HTTP/1.1 201 Created"
